<?xml version="1.0" encoding="UTF-8"?>
<!-- Generated by org.testng.reporters.JUnitReportReporter -->
<testsuite hostname="Aspire7" failures="0" tests="1" name="package1.Test_Verify_System_User_Functionality" time="13.541" errors="0" timestamp="2022-12-28T06:17:34 IST" skipped="0">
  <testcase classname="package1.Test_Verify_System_User_Functionality" name="verifySystemUserFunctionality" time="13.541"/>
  <system-out/>
</testsuite> <!-- package1.Test_Verify_System_User_Functionality -->
