<?xml version="1.0" encoding="UTF-8"?>
<!-- Generated by org.testng.reporters.JUnitReportReporter -->
<testsuite hostname="Aspire7" failures="0" tests="1" name="package1.Test_Verify_Moving_To_Admin" time="24.371" errors="0" timestamp="2022-12-28T06:17:34 IST" skipped="0">
  <testcase classname="package1.Test_Verify_Moving_To_Admin" name="verifyMovingToAdmin" time="24.371"/>
  <system-out/>
</testsuite> <!-- package1.Test_Verify_Moving_To_Admin -->
