<?xml version="1.0" encoding="UTF-8"?>
<!-- Generated by org.testng.reporters.JUnitReportReporter -->
<testsuite hostname="Aspire7" failures="0" tests="1" name="package1.Test1" time="0.026" errors="0" timestamp="2022-12-19T22:36:04 IST" skipped="0">
  <testcase classname="package1.Test1" name="method1" time="0.026"/>
  <system-out/>
</testsuite> <!-- package1.Test1 -->
