<?xml version="1.0" encoding="UTF-8"?>
<!-- Generated by org.testng.reporters.JUnitReportReporter -->
<testsuite hostname="Aspire7" failures="0" tests="1" name="package1.Test_0_Verify_Login_Functionality" time="5.734" errors="0" timestamp="2022-12-19T22:40:49 IST" skipped="0">
  <testcase classname="package1.Test_0_Verify_Login_Functionality" name="verifyLoginFunctionality" time="5.734"/>
  <system-out/>
</testsuite> <!-- package1.Test_0_Verify_Login_Functionality -->
