<?xml version="1.0" encoding="UTF-8"?>
<!-- Generated by org.testng.reporters.JUnitReportReporter -->
<testsuite hostname="Aspire7" failures="0" tests="1" name="package1.Test_Verify_System_User_Functionality_In_Admin" time="15.793" errors="0" timestamp="2022-12-20T15:00:50 IST" skipped="0">
  <testcase classname="package1.Test_Verify_System_User_Functionality_In_Admin" name="verifySystemUserFunctionalityInAdmin" time="15.793"/>
  <system-out/>
</testsuite> <!-- package1.Test_Verify_System_User_Functionality_In_Admin -->
