<?xml version="1.0" encoding="UTF-8"?>
<!-- Generated by org.testng.reporters.JUnitReportReporter -->
<testsuite hostname="Aspire7" failures="0" tests="1" name="package1.Test_Verify_Login_Functionality" time="24.747" errors="0" timestamp="2022-12-28T06:17:34 IST" skipped="0">
  <testcase classname="package1.Test_Verify_Login_Functionality" name="verifyLoginFunctionality" time="24.747"/>
  <system-out/>
</testsuite> <!-- package1.Test_Verify_Login_Functionality -->
