<?xml version="1.0" encoding="UTF-8"?>
<!-- Generated by org.testng.reporters.JUnitReportReporter -->
<testsuite hostname="Aspire7" failures="0" tests="1" name="package1.Test_Verify_Leave_Functionality" time="21.638" errors="0" timestamp="2022-12-28T06:17:34 IST" skipped="0">
  <testcase classname="package1.Test_Verify_Leave_Functionality" name="verifyLeaveFunctionality" time="21.638"/>
  <system-out/>
</testsuite> <!-- package1.Test_Verify_Leave_Functionality -->
